[2025-04-21 21:38:09]: Peer 1003 is listening on port 6003.
[2025-04-21 21:38:10]: Peer 1003 setup complete.
[2025-04-21 21:38:57]: Peer 1003 is listening on port 6003.
[2025-04-21 21:38:58]: Peer 1003 setup complete.
[2025-04-21 21:49:40]: Peer 1003 is listening on port 6003.
[2025-04-21 21:49:41]: Peer 1003 is connected from Peer 1001.
[2025-04-21 21:49:41]: Peer 1003 is connected from Peer 1002.
[2025-04-21 21:49:41]: Peer 1003 setup complete.
[2025-04-21 21:49:41]: Peer 1003 sent Bitfield to Peer 1001.
[2025-04-21 21:49:41]: Peer 1003 sent Bitfield to Peer 1002.
[2025-04-21 21:49:41]: Peer 1003 received Bitfield from Peer 1001.
[2025-04-21 21:49:41]: Peer 1003 received Bitfield from Peer 1002.
[2025-04-21 21:49:41]: Peer 1003 sent Interested to Peer 1001.
[2025-04-21 21:49:41]: Peer 1003 received NotInterested from Peer 1001.
[2025-04-21 21:49:41]: Peer 1003 sent NotInterested to Peer 1002.
[2025-04-21 21:49:41]: Peer 1003 received NotInterested from Peer 1002.
[2025-04-21 21:49:42]: Peer 1003 is connected from Peer 1004.
[2025-04-21 21:49:42]: Peer 1003 sent Bitfield to Peer 1004.
[2025-04-21 21:49:42]: Peer 1003 received Bitfield from Peer 1004.
[2025-04-21 21:49:42]: Peer 1003 sent NotInterested to Peer 1004.
[2025-04-21 21:49:42]: Peer 1003 received NotInterested from Peer 1004.
[2025-04-21 21:49:43]: Peer 1003 is unchoked by Peer 1001.
[2025-04-21 21:49:43]: Peer 1003 sent Request for piece 0 to Peer 1001.
[2025-04-21 21:53:47]: Peer 1003 connection closed by Peer 1001.
[2025-04-21 21:53:47]: Peer 1003 connection closed by Peer 1002.
