[2025-04-21 21:38:20]: Peer 1004 is listening on port 6004.
[2025-04-21 21:38:21]: Peer 1004 setup complete.
[2025-04-21 21:38:58]: Peer 1004 is listening on port 6004.
[2025-04-21 21:38:59]: Peer 1004 setup complete.
[2025-04-21 21:49:42]: Peer 1004 is listening on port 6004.
[2025-04-21 21:49:42]: Peer 1004 is connected from Peer 1003.
[2025-04-21 21:49:42]: Peer 1004 is connected from Peer 1001.
[2025-04-21 21:49:42]: Peer 1004 is connected from Peer 1002.
[2025-04-21 21:49:42]: Peer 1004 sent Bitfield to Peer 1003.
[2025-04-21 21:49:42]: Peer 1004 sent Bitfield to Peer 1001.
[2025-04-21 21:49:42]: Peer 1004 received Bitfield from Peer 1001.
[2025-04-21 21:49:42]: Peer 1004 sent Interested to Peer 1001.
[2025-04-21 21:49:42]: Peer 1004 received Bitfield from Peer 1003.
[2025-04-21 21:49:42]: Peer 1004 sent Bitfield to Peer 1002.
[2025-04-21 21:49:42]: Peer 1004 sent NotInterested to Peer 1003.
[2025-04-21 21:49:42]: Peer 1004 received Bitfield from Peer 1002.
[2025-04-21 21:49:42]: Peer 1004 received NotInterested from Peer 1003.
[2025-04-21 21:49:42]: Peer 1004 sent NotInterested to Peer 1002.
[2025-04-21 21:49:42]: Peer 1004 received NotInterested from Peer 1002.
[2025-04-21 21:49:42]: Peer 1004 received NotInterested from Peer 1001.
[2025-04-21 21:49:42]: Peer 1004 setup complete.
[2025-04-21 21:49:53]: Peer 1004 is unchoked by Peer 1001.
[2025-04-21 21:49:53]: Peer 1004 sent Request for piece 0 to Peer 1001.
[2025-04-21 21:53:47]: Peer 1004 connection closed by Peer 1001.
[2025-04-21 21:53:47]: Peer 1004 connection closed by Peer 1002.
[2025-04-21 21:53:49]: Peer 1004 connection closed by Peer 1003.
