[2025-04-21 21:37:49]: Peer 1001 is listening on port 6001.
[2025-04-21 21:37:50]: Peer 1001 setup complete.
[2025-04-21 21:37:50]: Peer 1001 has the preferred neighbors .
[2025-04-21 21:37:55]: Peer 1001 has the preferred neighbors 1002.
[2025-04-21 21:37:55]: Peer 1002 is unchoked by Peer 1001.
[2025-04-21 21:37:58]: Peer 1001 has the preferred neighbors .
[2025-04-21 21:37:58]: Peer 1001 setup complete.
[2025-04-21 21:38:00]: Peer 1001 has the preferred neighbors 1002.
[2025-04-21 21:38:05]: Peer 1001 has the preferred neighbors 1002.
[2025-04-21 21:38:10]: Peer 1001 has the preferred neighbors 1002,1003.
[2025-04-21 21:38:10]: Peer 1003 is unchoked by Peer 1001.
[2025-04-21 21:38:14]: Peer 1001 setup complete.
[2025-04-21 21:38:14]: Peer 1001 has the preferred neighbors .
[2025-04-21 21:38:15]: Peer 1001 has the preferred neighbors 1002,1003.
[2025-04-21 21:38:20]: Peer 1001 has the preferred neighbors 1002,1003.
[2025-04-21 21:38:25]: Peer 1001 has the preferred neighbors 1002,1003.
[2025-04-21 21:38:30]: Peer 1001 has the preferred neighbors 1002,1003.
[2025-04-21 21:38:56]: Peer 1001 is listening on port 6001.
[2025-04-21 21:38:57]: Peer 1001 setup complete.
[2025-04-21 21:38:57]: Peer 1001 has the preferred neighbors .
[2025-04-21 21:39:02]: Peer 1001 has the preferred neighbors 1002,1003.
[2025-04-21 21:39:02]: Peer 1002 is unchoked by Peer 1001.
[2025-04-21 21:39:02]: Peer 1003 is unchoked by Peer 1001.
[2025-04-21 21:39:07]: Peer 1001 has the preferred neighbors 1002,1003.
[2025-04-21 21:39:12]: Peer 1001 has the preferred neighbors 1002,1003.
[2025-04-21 21:39:12]: Peer 1001 has the optimistically unchoked neighbor 1004.
[2025-04-21 21:39:17]: Peer 1001 has the preferred neighbors 1002,1003.
[2025-04-21 21:39:22]: Peer 1001 has the preferred neighbors 1002,1003.
[2025-04-21 21:39:27]: Peer 1001 has the preferred neighbors 1002,1003.
[2025-04-21 21:39:32]: Peer 1001 has the preferred neighbors 1002,1003.
[2025-04-21 21:39:37]: Peer 1001 has the preferred neighbors 1002,1003.
[2025-04-21 21:39:42]: Peer 1001 has the preferred neighbors 1002,1003.
[2025-04-21 21:39:47]: Peer 1001 has the preferred neighbors 1002,1003.
[2025-04-21 21:39:52]: Peer 1001 has the preferred neighbors 1002,1003.
[2025-04-21 21:39:57]: Peer 1001 has the preferred neighbors 1002,1003.
[2025-04-21 21:40:02]: Peer 1001 has the preferred neighbors 1002,1003.
[2025-04-21 21:40:07]: Peer 1001 has the preferred neighbors 1002,1003.
[2025-04-21 21:40:12]: Peer 1001 has the preferred neighbors 1002,1003.
[2025-04-21 21:40:17]: Peer 1001 has the preferred neighbors 1002,1003.
[2025-04-21 21:40:22]: Peer 1001 has the preferred neighbors 1002,1003.
[2025-04-21 21:40:27]: Peer 1001 has the preferred neighbors 1002,1003.
[2025-04-21 21:40:32]: Peer 1001 has the preferred neighbors 1002,1003.
[2025-04-21 21:40:37]: Peer 1001 has the preferred neighbors 1002,1003.
[2025-04-21 21:40:42]: Peer 1001 has the preferred neighbors 1002,1003.
[2025-04-21 21:40:47]: Peer 1001 has the preferred neighbors 1002,1003.
[2025-04-21 21:40:52]: Peer 1001 has the preferred neighbors 1002,1003.
[2025-04-21 21:40:57]: Peer 1001 has the preferred neighbors 1002,1003.
[2025-04-21 21:41:02]: Peer 1001 has the preferred neighbors 1002,1003.
[2025-04-21 21:41:07]: Peer 1001 has the preferred neighbors 1002,1003.
[2025-04-21 21:41:12]: Peer 1001 has the preferred neighbors 1002,1003.
[2025-04-21 21:41:17]: Peer 1001 has the preferred neighbors 1002,1003.
[2025-04-21 21:41:22]: Peer 1001 has the preferred neighbors 1002,1003.
[2025-04-21 21:41:27]: Peer 1001 has the preferred neighbors 1002,1003.
[2025-04-21 21:41:32]: Peer 1001 has the preferred neighbors 1002,1003.
[2025-04-21 21:49:37]: Peer 1001 is listening on port 6001.
[2025-04-21 21:49:38]: Peer 1001 setup complete.
[2025-04-21 21:49:38]: Peer 1001 has the preferred neighbors .
[2025-04-21 21:49:39]: Peer 1001 is connected from Peer 1002.
[2025-04-21 21:49:39]: Peer 1001 sent Bitfield to Peer 1002.
[2025-04-21 21:49:39]: Peer 1001 received Bitfield from Peer 1002.
[2025-04-21 21:49:39]: Peer 1001 sent NotInterested to Peer 1002.
[2025-04-21 21:49:39]: Peer 1001 received Interested from Peer 1002.
[2025-04-21 21:49:41]: Peer 1001 is connected from Peer 1003.
[2025-04-21 21:49:41]: Peer 1001 sent Bitfield to Peer 1003.
[2025-04-21 21:49:41]: Peer 1001 received Bitfield from Peer 1003.
[2025-04-21 21:49:41]: Peer 1001 sent NotInterested to Peer 1003.
[2025-04-21 21:49:41]: Peer 1001 received Interested from Peer 1003.
[2025-04-21 21:49:42]: Peer 1001 is connected from Peer 1004.
[2025-04-21 21:49:42]: Peer 1001 sent Bitfield to Peer 1004.
[2025-04-21 21:49:42]: Peer 1001 received Bitfield from Peer 1004.
[2025-04-21 21:49:42]: Peer 1001 sent NotInterested to Peer 1004.
[2025-04-21 21:49:42]: Peer 1001 received Interested from Peer 1004.
[2025-04-21 21:49:43]: Peer 1001 has the preferred neighbors 1002,1003.
[2025-04-21 21:49:43]: Peer 1002 is unchoked by Peer 1001.
[2025-04-21 21:49:43]: Peer 1003 is unchoked by Peer 1001.
[2025-04-21 21:49:48]: Peer 1001 has the preferred neighbors 1002,1003.
[2025-04-21 21:49:53]: Peer 1001 has the preferred neighbors 1002,1003.
[2025-04-21 21:49:53]: Peer 1001 has the optimistically unchoked neighbor 1004.
[2025-04-21 21:49:58]: Peer 1001 has the preferred neighbors 1002,1003.
[2025-04-21 21:50:03]: Peer 1001 has the preferred neighbors 1002,1003.
[2025-04-21 21:50:08]: Peer 1001 has the preferred neighbors 1002,1003.
[2025-04-21 21:50:13]: Peer 1001 has the preferred neighbors 1002,1003.
[2025-04-21 21:50:18]: Peer 1001 has the preferred neighbors 1002,1003.
[2025-04-21 21:50:23]: Peer 1001 has the preferred neighbors 1002,1003.
[2025-04-21 21:50:28]: Peer 1001 has the preferred neighbors 1002,1003.
[2025-04-21 21:50:33]: Peer 1001 has the preferred neighbors 1002,1003.
[2025-04-21 21:50:38]: Peer 1001 has the preferred neighbors 1002,1003.
[2025-04-21 21:50:43]: Peer 1001 has the preferred neighbors 1002,1003.
[2025-04-21 21:50:48]: Peer 1001 has the preferred neighbors 1002,1003.
[2025-04-21 21:50:53]: Peer 1001 has the preferred neighbors 1002,1003.
[2025-04-21 21:50:58]: Peer 1001 has the preferred neighbors 1002,1003.
[2025-04-21 21:51:03]: Peer 1001 has the preferred neighbors 1002,1003.
[2025-04-21 21:51:08]: Peer 1001 has the preferred neighbors 1002,1003.
[2025-04-21 21:51:13]: Peer 1001 has the preferred neighbors 1002,1003.
[2025-04-21 21:51:18]: Peer 1001 has the preferred neighbors 1002,1003.
[2025-04-21 21:51:23]: Peer 1001 has the preferred neighbors 1002,1003.
[2025-04-21 21:51:28]: Peer 1001 has the preferred neighbors 1002,1003.
[2025-04-21 21:51:33]: Peer 1001 has the preferred neighbors 1002,1003.
[2025-04-21 21:51:38]: Peer 1001 has the preferred neighbors 1002,1003.
[2025-04-21 21:51:43]: Peer 1001 has the preferred neighbors 1002,1003.
[2025-04-21 21:51:48]: Peer 1001 has the preferred neighbors 1002,1003.
[2025-04-21 21:51:53]: Peer 1001 has the preferred neighbors 1002,1003.
[2025-04-21 21:51:58]: Peer 1001 has the preferred neighbors 1002,1003.
[2025-04-21 21:52:03]: Peer 1001 has the preferred neighbors 1002,1003.
[2025-04-21 21:52:08]: Peer 1001 has the preferred neighbors 1002,1003.
[2025-04-21 21:52:13]: Peer 1001 has the preferred neighbors 1002,1003.
[2025-04-21 21:52:18]: Peer 1001 has the preferred neighbors 1002,1003.
[2025-04-21 21:52:23]: Peer 1001 has the preferred neighbors 1002,1003.
[2025-04-21 21:52:28]: Peer 1001 has the preferred neighbors 1002,1003.
[2025-04-21 21:52:33]: Peer 1001 has the preferred neighbors 1002,1003.
[2025-04-21 21:52:38]: Peer 1001 has the preferred neighbors 1002,1003.
[2025-04-21 21:52:43]: Peer 1001 has the preferred neighbors 1002,1003.
[2025-04-21 21:52:48]: Peer 1001 has the preferred neighbors 1002,1003.
[2025-04-21 21:52:53]: Peer 1001 has the preferred neighbors 1002,1003.
[2025-04-21 21:52:58]: Peer 1001 has the preferred neighbors 1002,1003.
[2025-04-21 21:53:03]: Peer 1001 has the preferred neighbors 1002,1003.
[2025-04-21 21:53:08]: Peer 1001 has the preferred neighbors 1002,1003.
[2025-04-21 21:53:13]: Peer 1001 has the preferred neighbors 1002,1003.
[2025-04-21 21:53:18]: Peer 1001 has the preferred neighbors 1002,1003.
[2025-04-21 21:53:23]: Peer 1001 has the preferred neighbors 1002,1003.
[2025-04-21 21:53:28]: Peer 1001 has the preferred neighbors 1002,1003.
[2025-04-21 21:53:33]: Peer 1001 has the preferred neighbors 1002,1003.
[2025-04-21 21:53:38]: Peer 1001 has the preferred neighbors 1002,1003.
[2025-04-21 21:53:43]: Peer 1001 has the preferred neighbors 1002,1003.
